#
# There is insufficient memory for the Java Runtime Environment to continue.
# Native memory allocation (malloc) failed to allocate 102272 bytes for Chunk::new
# Possible reasons:
#   The system is out of physical RAM or swap space
#   The process is running with CompressedOops enabled, and the Java Heap may be blocking the growth of the native heap
# Possible solutions:
#   Reduce memory load on the system
#   Increase physical memory or swap space
#   Check if swap backing store is full
#   Decrease Java heap size (-Xmx/-Xms)
#   Decrease number of Java threads
#   Decrease Java thread stack sizes (-Xss)
#   Set larger code cache with -XX:ReservedCodeCacheSize=
#   JVM is running with Unscaled Compressed Oops mode in which the Java heap is
#     placed in the first 4GB address space. The Java Heap base address is the
#     maximum limit for the native heap growth. Please use -XX:HeapBaseMinAddress
#     to set the Java Heap base and to place the Java Heap above 4GB virtual address.
# This output file may be truncated or incomplete.
#
#  Out of Memory Error (allocation.cpp:389), pid=10968, tid=0x0000000000004288
#
# JRE version: OpenJDK Runtime Environment (8.0_212-b04) (build 1.8.0_212-release-1586-b04)
# Java VM: OpenJDK 64-Bit Server VM (25.212-b04 mixed mode windows-amd64 compressed oops)
# Failed to write core dump. Minidumps are not enabled by default on client versions of Windows
#

---------------  T H R E A D  ---------------

Current thread (0x0000000016d62000):  JavaThread "C2 CompilerThread0" daemon [_thread_in_native, id=17032, stack(0x00000000189e0000,0x0000000018ae0000)]

Stack: [0x00000000189e0000,0x0000000018ae0000]
[error occurred during error reporting (printing stack bounds), id 0xc0000005]

Native frames: (J=compiled Java code, j=interpreted, Vv=VM code, C=native code)


Current CompileTask:
C2:10035129 44228       4       org.gradle.execution.plan.DefaultExecutionPlan::updateAllDependenciesCompleteForPredecessors (61 bytes)


---------------  P R O C E S S  ---------------

Java Threads: ( => current thread )
  0x000000001b4e3800 JavaThread "RMI TCP Connection(144)-127.0.0.1" daemon [_thread_in_native, id=13924, stack(0x0000000038af0000,0x0000000038bf0000)]
  0x000000001b4dc000 JavaThread "RMI RenewClean-[127.0.0.1:17278,org.jetbrains.kotlin.daemon.common.LoopbackNetworkInterface$ClientLoopbackSocketFactory@2eef8cdf]" daemon [_thread_blocked, id=19276, stack(0x00000000389f0000,0x0000000038af0000)]
  0x000000001b4e3000 JavaThread "RMI TCP Connection(143)-127.0.0.1" daemon [_thread_in_native, id=22700, stack(0x00000000386f0000,0x00000000387f0000)]
  0x000000001b4e2000 JavaThread "RMI TCP Connection(142)-127.0.0.1" daemon [_thread_in_native, id=18752, stack(0x00000000385f0000,0x00000000386f0000)]
  0x000000001b4e1800 JavaThread "RMI TCP Connection(145)-127.0.0.1" daemon [_thread_in_native, id=13884, stack(0x0000000029510000,0x0000000029610000)]
  0x000000001b4e0000 JavaThread "RMI RenewClean-[127.0.0.1:17278,org.jetbrains.kotlin.daemon.common.LoopbackNetworkInterface$ClientLoopbackSocketFactory@2a1abc09]" daemon [_thread_blocked, id=10012, stack(0x0000000029410000,0x0000000029510000)]
  0x000000001e997800 JavaThread "stdout" [_thread_in_native, id=9052, stack(0x00000000384f0000,0x00000000385f0000)]
  0x000000001e99d000 JavaThread "stderr" [_thread_in_native, id=208, stack(0x00000000381f0000,0x00000000382f0000)]
  0x000000001dbcf800 JavaThread "stdout" [_thread_in_native, id=19392, stack(0x00000000378f0000,0x00000000379f0000)]
  0x000000001dbcd800 JavaThread "stderr" [_thread_in_native, id=15456, stack(0x00000000377f0000,0x00000000378f0000)]
  0x000000001dbca800 JavaThread "WorkerExecutor Queue Thread 6" [_thread_blocked, id=21684, stack(0x00000000376f0000,0x00000000377f0000)]
  0x000000001dbce000 JavaThread "stdout" [_thread_in_native, id=9568, stack(0x00000000375f0000,0x00000000376f0000)]
  0x000000001dbc2000 JavaThread "stderr" [_thread_in_native, id=6220, stack(0x0000000037280000,0x0000000037380000)]
  0x000000001e092800 JavaThread "stdout" [_thread_in_native, id=17996, stack(0x000000002b0d0000,0x000000002b1d0000)]
  0x000000001e091000 JavaThread "stderr" [_thread_in_native, id=20512, stack(0x000000002afd0000,0x000000002b0d0000)]
  0x000000001e090800 JavaThread "stdout" [_thread_in_native, id=24468, stack(0x000000002aed0000,0x000000002afd0000)]
  0x000000001e092000 JavaThread "stderr" [_thread_in_native, id=23408, stack(0x000000002add0000,0x000000002aed0000)]
  0x000000001e089000 JavaThread "stdout" [_thread_in_native, id=4364, stack(0x000000002acd0000,0x000000002add0000)]
  0x000000001e08f800 JavaThread "stderr" [_thread_in_native, id=19172, stack(0x000000002abd0000,0x000000002acd0000)]
  0x000000001e08e000 JavaThread "WorkerExecutor Queue Thread 5" [_thread_blocked, id=18596, stack(0x000000002aad0000,0x000000002abd0000)]
  0x000000001e08d800 JavaThread "WorkerExecutor Queue Thread 4" [_thread_blocked, id=12648, stack(0x000000002a9d0000,0x000000002aad0000)]
  0x000000001b598000 JavaThread "WorkerExecutor Queue Thread 3" [_thread_blocked, id=22344, stack(0x000000002a8d0000,0x000000002a9d0000)]
  0x000000001b596800 JavaThread "pool-59-thread-1" [_thread_blocked, id=10340, stack(0x000000002a7d0000,0x000000002a8d0000)]
  0x000000001b594000 JavaThread "WorkerExecutor Queue Thread 2" [_thread_blocked, id=8588, stack(0x000000002a6d0000,0x000000002a7d0000)]
  0x000000001b595800 JavaThread "WorkerExecutor Queue" [_thread_blocked, id=18468, stack(0x0000000029810000,0x0000000029910000)]
  0x000000001b58a000 JavaThread "Cache worker for execution history cache (C:\Users\murra\Desktop\android_studio_projects\AnimeKing2\.gradle\6.4\executionHistory)" [_thread_blocked, id=17856, stack(0x000000002a220000,0x000000002a320000)]
  0x0000000024776000 JavaThread "Cache worker for file content cache (C:\Users\murra\Desktop\android_studio_projects\AnimeKing2\.gradle\6.4\fileContent)" [_thread_blocked, id=19536, stack(0x00000000259b0000,0x0000000025ab0000)]
  0x0000000024772000 JavaThread "Cache worker for Build Output Cleanup Cache (C:\Users\murra\Desktop\android_studio_projects\AnimeKing2\.gradle\buildOutputCleanup)" [_thread_blocked, id=22256, stack(0x0000000023a50000,0x0000000023b50000)]
  0x0000000024768800 JavaThread "pool-58-thread-1" [_thread_blocked, id=14452, stack(0x0000000022c90000,0x0000000022d90000)]
  0x000000002476f000 JavaThread "Build operations Thread 6" [_thread_blocked, id=24104, stack(0x00000000226e0000,0x00000000227e0000)]
  0x0000000024767800 JavaThread "Build operations Thread 5" [_thread_blocked, id=9096, stack(0x00000000225e0000,0x00000000226e0000)]
  0x000000002476a800 JavaThread "Build operations Thread 4" [_thread_blocked, id=21972, stack(0x00000000224e0000,0x00000000225e0000)]
  0x000000002476a000 JavaThread "Build operations Thread 3" [_thread_blocked, id=18252, stack(0x00000000223e0000,0x00000000224e0000)]
  0x0000000024767000 JavaThread "Build operations Thread 2" [_thread_blocked, id=23988, stack(0x0000000022040000,0x0000000022140000)]
  0x000000002476d000 JavaThread "Build operations" [_thread_blocked, id=20896, stack(0x0000000021f40000,0x0000000022040000)]
  0x000000002476d800 JavaThread "Cache worker for cache directory md-rule (C:\Users\murra\.gradle\caches\6.4\md-rule)" [_thread_blocked, id=8936, stack(0x000000001fba0000,0x000000001fca0000)]
  0x000000002d9be800 JavaThread "Cache worker for cache directory md-supplier (C:\Users\murra\.gradle\caches\6.4\md-supplier)" [_thread_blocked, id=2332, stack(0x000000001f6a0000,0x000000001f7a0000)]
  0x000000002d9bd800 JavaThread "Cache worker for checksums cache (C:\Users\murra\Desktop\android_studio_projects\AnimeKing2\.gradle\checksums)" [_thread_blocked, id=10812, stack(0x000000001e4d0000,0x000000001e5d0000)]
  0x000000002d9bd000 JavaThread "Cache worker for file hash cache (C:\Users\murra\Desktop\android_studio_projects\AnimeKing2\.gradle\6.4\fileHashes)" [_thread_blocked, id=20780, stack(0x000000001cc00000,0x000000001cd00000)]
  0x000000002d9bb800 JavaThread "Thread-654" [_thread_blocked, id=11272, stack(0x000000001cb00000,0x000000001cc00000)]
  0x000000002d9b3000 JavaThread "Stdin handler" [_thread_blocked, id=128, stack(0x000000001ca00000,0x000000001cb00000)]
  0x000000002d9b2000 JavaThread "Asynchronous log dispatcher for DefaultDaemonConnection: socket connection from /127.0.0.1:54522 to /127.0.0.1:57183" [_thread_blocked, id=20892, stack(0x000000001c900000,0x000000001ca00000)]
  0x000000002d9b8800 JavaThread "Daemon worker Thread 18" [_thread_in_Java, id=11896, stack(0x000000001c800000,0x000000001c900000)]
  0x000000002d9b0800 JavaThread "Cancel handler" [_thread_blocked, id=3776, stack(0x000000001c500000,0x000000001c600000)]
  0x000000002d9b7800 JavaThread "Handler for socket connection from /127.0.0.1:54522 to /127.0.0.1:57183" [_thread_in_native, id=18084, stack(0x000000001c400000,0x000000001c500000)]
  0x000000002d9af000 JavaThread "Daemon Thread 18" [_thread_blocked, id=15044, stack(0x00000000013d0000,0x00000000014d0000)]
  0x000000001e085000 JavaThread "Cache worker for Java compile cache (C:\Users\murra\.gradle\caches\6.4\javaCompile)" [_thread_blocked, id=23216, stack(0x0000000029f20000,0x000000002a020000)]
  0x000000001e997000 JavaThread "RMI Reaper" [_thread_blocked, id=9428, stack(0x00000000374f0000,0x00000000375f0000)]
  0x000000001e996000 JavaThread "RMI TCP Accept-0" daemon [_thread_in_native, id=17452, stack(0x00000000373f0000,0x00000000374f0000)]
  0x000000001e99b800 JavaThread "GC Daemon" daemon [_thread_blocked, id=3984, stack(0x000000002a5d0000,0x000000002a6d0000)]
  0x000000001e99a000 JavaThread "RMI Scheduler(0)" daemon [_thread_blocked, id=19504, stack(0x00000000299d0000,0x0000000029ad0000)]
  0x000000001b58b800 JavaThread "Memory manager" [_thread_blocked, id=16368, stack(0x00000000253f0000,0x00000000254f0000)]
  0x000000001dbc5000 JavaThread "Cache worker for file content cache (C:\Users\murra\.gradle\caches\6.4\fileContent)" [_thread_blocked, id=20012, stack(0x0000000021840000,0x0000000021940000)]
  0x000000001b114800 JavaThread "Cache worker for execution history cache (C:\Users\murra\.gradle\caches\6.4\executionHistory)" [_thread_blocked, id=6852, stack(0x000000001fca0000,0x000000001fda0000)]
  0x000000001b11b000 JavaThread "File watcher consumer" daemon [_thread_blocked, id=23304, stack(0x000000001f5a0000,0x000000001f6a0000)]
  0x000000001b115000 JavaThread "Cache worker for file hash cache (C:\Users\murra\.gradle\caches\6.4\fileHashes)" [_thread_blocked, id=11316, stack(0x000000001d200000,0x000000001d300000)]
  0x000000001b119000 JavaThread "File lock request listener" [_thread_in_native, id=22064, stack(0x000000001d100000,0x000000001d200000)]
  0x000000001946f000 JavaThread "Cache worker for journal cache (C:\Users\murra\.gradle\caches\journal-1)" [_thread_blocked, id=13776, stack(0x000000001cf00000,0x000000001d000000)]
  0x000000001b000800 JavaThread "Daemon periodic checks" [_thread_blocked, id=19916, stack(0x000000001c300000,0x000000001c400000)]
  0x000000001afa3800 JavaThread "Incoming local TCP Connector on port 54522" [_thread_in_native, id=23572, stack(0x000000001c0c0000,0x000000001c1c0000)]
  0x000000001aeeb000 JavaThread "Daemon health stats" [_thread_blocked, id=13832, stack(0x000000001ba80000,0x000000001bb80000)]
  0x0000000018d4d000 JavaThread "Service Thread" daemon [_thread_blocked, id=21888, stack(0x00000000190e0000,0x00000000191e0000)]
  0x0000000016d6a000 JavaThread "C1 CompilerThread2" daemon [_thread_blocked, id=24132, stack(0x0000000018be0000,0x0000000018ce0000)]
  0x0000000016d65000 JavaThread "C2 CompilerThread1" daemon [_thread_blocked, id=14532, stack(0x0000000018ae0000,0x0000000018be0000)]
=>0x0000000016d62000 JavaThread "C2 CompilerThread0" daemon [_thread_in_native, id=17032, stack(0x00000000189e0000,0x0000000018ae0000)]
  0x0000000016d5f000 JavaThread "Attach Listener" daemon [_thread_blocked, id=23044, stack(0x00000000188e0000,0x00000000189e0000)]
  0x0000000016d68800 JavaThread "Signal Dispatcher" daemon [_thread_blocked, id=15500, stack(0x00000000187e0000,0x00000000188e0000)]
  0x00000000031ac000 JavaThread "Finalizer" daemon [_thread_blocked, id=24532, stack(0x00000000185e0000,0x00000000186e0000)]
  0x00000000031a5800 JavaThread "Reference Handler" daemon [_thread_blocked, id=22796, stack(0x00000000184e0000,0x00000000185e0000)]
  0x0000000002fae000 JavaThread "main" [_thread_blocked, id=17336, stack(0x0000000002fb0000,0x00000000030b0000)]

Other Threads:
  0x0000000016d28000 VMThread [stack: 0x00000000183e0000,0x00000000184e0000] [id=14872]
  0x0000000018d51000 WatcherThread [stack: 0x00000000191e0000,0x00000000192e0000] [id=10984]

VM state:at safepoint (normal execution)

VM Mutex/Monitor currently owned by a thread:  ([mutex/lock_event])
[0x0000000002fac720] Safepoint_lock - owner thread: 0x0000000016d28000
[0x0000000002faca20] Threads_lock - owner thread: 0x0000000016d28000

heap address: 0x00000000a0000000, size: 1536 MB, Compressed Oops mode: 32-bit
Narrow klass base: 0x0000000000000000, Narrow klass shift: 3
Compressed class space size: 1073741824 Address: 0x0000000100000000

Heap:
 PSYoungGen      total 378368K, used 88947K [0x00000000e0000000, 0x00000000ff500000, 0x0000000100000000)
  eden space 247808K, 29% used [0x00000000e0000000,0x00000000e4649450,0x00000000ef200000)
  from space 130560K, 13% used [0x00000000ef200000,0x00000000f0293808,0x00000000f7180000)
  to   space 124416K, 0% used [0x00000000f7b80000,0x00000000f7b80000,0x00000000ff500000)
 ParOldGen       total 832512K, used 715350K [0x00000000a0000000, 0x00000000d2d00000, 0x00000000e0000000)
  object space 832512K, 85% used [0x00000000a0000000,0x00000000cba958b8,0x00000000d2d00000)
 Metaspace       used 133330K, capacity 143821K, committed 159448K, reserved 1181696K
  class space    used 16518K, capacity 18354K, committed 26880K, reserved 1048576K

Card table byte_map: [0x0000000012570000,0x0000000012880000] byte_map_base: 0x0000000012070000

Marking Bits: (ParMarkBitMap*) 0x00000000613f9f30
 Begin Bits: [0x0000000013080000, 0x0000000014880000)
 End Bits:   [0x0000000014880000, 0x0000000016080000)

Polling page: 0x0000000001760000

CodeCache: size=245760Kb used=118117Kb max_used=118220Kb free=127642Kb
 bounds [0x00000000031b0000, 0x000000000a5e0000, 0x00000000121b0000]
 total_blobs=32197 nmethods=31203 adapters=904
 compilation: enabled

Compilation events (10 events):
Event: 10035.078 Thread 0x0000000016d6a000 44220       3       com.esotericsoftware.kryo.io.Output::writeUtf8Length (405 bytes)
Event: 10035.079 Thread 0x0000000016d6a000 nmethod 44220 0x0000000008a146d0 code [0x0000000008a148c0, 0x0000000008a14fe8]
Event: 10035.099 Thread 0x0000000016d6a000 44221       3       java.io.PrintWriter::ensureOpen (18 bytes)
Event: 10035.099 Thread 0x0000000016d6a000 nmethod 44221 0x00000000032ee9d0 code [0x00000000032eeb40, 0x00000000032eed88]
Event: 10035.103 Thread 0x0000000016d6a000 44224       3       org.gradle.execution.plan.Node::isRequired (16 bytes)
Event: 10035.104 Thread 0x0000000016d6a000 nmethod 44224 0x0000000003363450 code [0x00000000033635a0, 0x0000000003363750]
Event: 10035.107 Thread 0x0000000016d62000 44228       4       org.gradle.execution.plan.DefaultExecutionPlan::updateAllDependenciesCompleteForPredecessors (61 bytes)
Event: 10035.113 Thread 0x0000000016d6a000 44227       2       org.gradle.execution.plan.Node::doCheckDependenciesComplete (77 bytes)
Event: 10035.114 Thread 0x0000000016d6a000 nmethod 44227 0x00000000046ef0d0 code [0x00000000046ef320, 0x00000000046efc58]
Event: 10035.124 Thread 0x0000000016d6a000 44225       3       org.gradle.execution.plan.DefaultExecutionPlan::recordNodeCompleted (144 bytes)

GC Heap History (10 events):
Event: 9796.714 GC heap before
{Heap before GC invocations=335 (full 20):
 PSYoungGen      total 352256K, used 221697K [0x00000000e0000000, 0x00000000ff480000, 0x0000000100000000)
  eden space 206336K, 100% used [0x00000000e0000000,0x00000000ec980000,0x00000000ec980000)
  from space 145920K, 10% used [0x00000000f6600000,0x00000000f7500698,0x00000000ff480000)
  to   space 153088K, 0% used [0x00000000ec980000,0x00000000ec980000,0x00000000f5f00000)
 ParOldGen       total 832512K, used 679082K [0x00000000a0000000, 0x00000000d2d00000, 0x00000000e0000000)
  object space 832512K, 81% used [0x00000000a0000000,0x00000000c972aad8,0x00000000d2d00000)
 Metaspace       used 132564K, capacity 142589K, committed 158552K, reserved 1181696K
  class space    used 16424K, capacity 18165K, committed 26752K, reserved 1048576K
Event: 9796.736 GC heap after
Heap after GC invocations=335 (full 20):
 PSYoungGen      total 359424K, used 10352K [0x00000000e0000000, 0x00000000fff00000, 0x0000000100000000)
  eden space 206336K, 0% used [0x00000000e0000000,0x00000000e0000000,0x00000000ec980000)
  from space 153088K, 6% used [0x00000000ec980000,0x00000000ed39c210,0x00000000f5f00000)
  to   space 148992K, 0% used [0x00000000f6d80000,0x00000000f6d80000,0x00000000fff00000)
 ParOldGen       total 832512K, used 692571K [0x00000000a0000000, 0x00000000d2d00000, 0x00000000e0000000)
  object space 832512K, 83% used [0x00000000a0000000,0x00000000ca456eb8,0x00000000d2d00000)
 Metaspace       used 132564K, capacity 142589K, committed 158552K, reserved 1181696K
  class space    used 16424K, capacity 18165K, committed 26752K, reserved 1048576K
}
Event: 10019.547 GC heap before
{Heap before GC invocations=336 (full 20):
 PSYoungGen      total 359424K, used 216688K [0x00000000e0000000, 0x00000000fff00000, 0x0000000100000000)
  eden space 206336K, 100% used [0x00000000e0000000,0x00000000ec980000,0x00000000ec980000)
  from space 153088K, 6% used [0x00000000ec980000,0x00000000ed39c210,0x00000000f5f00000)
  to   space 148992K, 0% used [0x00000000f6d80000,0x00000000f6d80000,0x00000000fff00000)
 ParOldGen       total 832512K, used 692571K [0x00000000a0000000, 0x00000000d2d00000, 0x00000000e0000000)
  object space 832512K, 83% used [0x00000000a0000000,0x00000000ca456eb8,0x00000000d2d00000)
 Metaspace       used 133131K, capacity 143575K, committed 159320K, reserved 1181696K
  class space    used 16502K, capacity 18335K, committed 26752K, reserved 1048576K
Event: 10019.581 GC heap after
Heap after GC invocations=336 (full 20):
 PSYoungGen      total 356864K, used 13376K [0x00000000e0000000, 0x00000000ff100000, 0x0000000100000000)
  eden space 222208K, 0% used [0x00000000e0000000,0x00000000e0000000,0x00000000ed900000)
  from space 134656K, 9% used [0x00000000f6d80000,0x00000000f7a90240,0x00000000ff100000)
  to   space 143360K, 0% used [0x00000000ed900000,0x00000000ed900000,0x00000000f6500000)
 ParOldGen       total 832512K, used 700607K [0x00000000a0000000, 0x00000000d2d00000, 0x00000000e0000000)
  object space 832512K, 84% used [0x00000000a0000000,0x00000000cac2ff78,0x00000000d2d00000)
 Metaspace       used 133131K, capacity 143575K, committed 159320K, reserved 1181696K
  class space    used 16502K, capacity 18335K, committed 26752K, reserved 1048576K
}
Event: 10020.571 GC heap before
{Heap before GC invocations=337 (full 20):
 PSYoungGen      total 356864K, used 235584K [0x00000000e0000000, 0x00000000ff100000, 0x0000000100000000)
  eden space 222208K, 100% used [0x00000000e0000000,0x00000000ed900000,0x00000000ed900000)
  from space 134656K, 9% used [0x00000000f6d80000,0x00000000f7a90240,0x00000000ff100000)
  to   space 143360K, 0% used [0x00000000ed900000,0x00000000ed900000,0x00000000f6500000)
 ParOldGen       total 832512K, used 700607K [0x00000000a0000000, 0x00000000d2d00000, 0x00000000e0000000)
  object space 832512K, 84% used [0x00000000a0000000,0x00000000cac2ff78,0x00000000d2d00000)
 Metaspace       used 133142K, capacity 143575K, committed 159320K, reserved 1181696K
  class space    used 16503K, capacity 18335K, committed 26752K, reserved 1048576K
Event: 10020.621 GC heap after
Heap after GC invocations=337 (full 20):
 PSYoungGen      total 365568K, used 40959K [0x00000000e0000000, 0x00000000ff480000, 0x0000000100000000)
  eden space 222208K, 0% used [0x00000000e0000000,0x00000000e0000000,0x00000000ed900000)
  from space 143360K, 28% used [0x00000000ed900000,0x00000000f00ffc18,0x00000000f6500000)
  to   space 133120K, 0% used [0x00000000f7280000,0x00000000f7280000,0x00000000ff480000)
 ParOldGen       total 832512K, used 712900K [0x00000000a0000000, 0x00000000d2d00000, 0x00000000e0000000)
  object space 832512K, 85% used [0x00000000a0000000,0x00000000cb831018,0x00000000d2d00000)
 Metaspace       used 133142K, capacity 143575K, committed 159320K, reserved 1181696K
  class space    used 16503K, capacity 18335K, committed 26752K, reserved 1048576K
}
Event: 10021.894 GC heap before
{Heap before GC invocations=338 (full 20):
 PSYoungGen      total 365568K, used 263167K [0x00000000e0000000, 0x00000000ff480000, 0x0000000100000000)
  eden space 222208K, 100% used [0x00000000e0000000,0x00000000ed900000,0x00000000ed900000)
  from space 143360K, 28% used [0x00000000ed900000,0x00000000f00ffc18,0x00000000f6500000)
  to   space 133120K, 0% used [0x00000000f7280000,0x00000000f7280000,0x00000000ff480000)
 ParOldGen       total 832512K, used 712900K [0x00000000a0000000, 0x00000000d2d00000, 0x00000000e0000000)
  object space 832512K, 85% used [0x00000000a0000000,0x00000000cb831018,0x00000000d2d00000)
 Metaspace       used 133208K, capacity 143617K, committed 159448K, reserved 1181696K
  class space    used 16507K, capacity 18342K, committed 26880K, reserved 1048576K
Event: 10021.901 GC heap after
Heap after GC invocations=338 (full 20):
 PSYoungGen      total 377344K, used 3101K [0x00000000e0000000, 0x00000000ff100000, 0x0000000100000000)
  eden space 247808K, 0% used [0x00000000e0000000,0x00000000e0000000,0x00000000ef200000)
  from space 129536K, 2% used [0x00000000f7280000,0x00000000f7587468,0x00000000ff100000)
  to   space 130560K, 0% used [0x00000000ef200000,0x00000000ef200000,0x00000000f7180000)
 ParOldGen       total 832512K, used 714501K [0x00000000a0000000, 0x00000000d2d00000, 0x00000000e0000000)
  object space 832512K, 85% used [0x00000000a0000000,0x00000000cb9c1588,0x00000000d2d00000)
 Metaspace       used 133208K, capacity 143617K, committed 159448K, reserved 1181696K
  class space    used 16507K, capacity 18342K, committed 26880K, reserved 1048576K
}
Event: 10024.967 GC heap before
{Heap before GC invocations=339 (full 20):
 PSYoungGen      total 377344K, used 250909K [0x00000000e0000000, 0x00000000ff100000, 0x0000000100000000)
  eden space 247808K, 100% used [0x00000000e0000000,0x00000000ef200000,0x00000000ef200000)
  from space 129536K, 2% used [0x00000000f7280000,0x00000000f7587468,0x00000000ff100000)
  to   space 130560K, 0% used [0x00000000ef200000,0x00000000ef200000,0x00000000f7180000)
 ParOldGen       total 832512K, used 714501K [0x00000000a0000000, 0x00000000d2d00000, 0x00000000e0000000)
  object space 832512K, 85% used [0x00000000a0000000,0x00000000cb9c1588,0x00000000d2d00000)
 Metaspace       used 133279K, capacity 143729K, committed 159448K, reserved 1181696K
  class space    used 16511K, capacity 18350K, committed 26880K, reserved 1048576K
Event: 10024.983 GC heap after
Heap after GC invocations=339 (full 20):
 PSYoungGen      total 378368K, used 16974K [0x00000000e0000000, 0x00000000ff500000, 0x0000000100000000)
  eden space 247808K, 0% used [0x00000000e0000000,0x00000000e0000000,0x00000000ef200000)
  from space 130560K, 13% used [0x00000000ef200000,0x00000000f0293808,0x00000000f7180000)
  to   space 124416K, 0% used [0x00000000f7b80000,0x00000000f7b80000,0x00000000ff500000)
 ParOldGen       total 832512K, used 715350K [0x00000000a0000000, 0x00000000d2d00000, 0x00000000e0000000)
  object space 832512K, 85% used [0x00000000a0000000,0x00000000cba958b8,0x00000000d2d00000)
 Metaspace       used 133279K, capacity 143729K, committed 159448K, reserved 1181696K
  class space    used 16511K, capacity 18350K, committed 26880K, reserved 1048576K
}

Deoptimization events (10 events):
Event: 10035.100 Thread 0x000000001b58c800 Uncommon trap: reason=unstable_if action=reinterpret pc=0x000000000385f108 method=org.gradle.execution.plan.Node.isFailed()Z @ 4
Event: 10035.100 Thread 0x000000001b58c800 Uncommon trap: reason=unstable_if action=reinterpret pc=0x0000000009136c98 method=org.gradle.execution.plan.DefaultExecutionPlan.finishedExecuting(Lorg/gradle/execution/plan/Node;)V @ 20
Event: 10035.100 Thread 0x000000001b58c800 Uncommon trap: reason=unstable_if action=reinterpret pc=0x0000000006b2d918 method=org.gradle.execution.plan.Node.isRequired()Z @ 7
Event: 10035.104 Thread 0x000000001b58c800 Uncommon trap: reason=unstable_if action=reinterpret pc=0x00000000092587e4 method=org.gradle.execution.plan.Node.isExecuted()Z @ 7
Event: 10035.105 Thread 0x000000001b58c800 Uncommon trap: reason=unstable_if action=reinterpret pc=0x0000000005df93e4 method=org.gradle.execution.plan.Node.isComplete()Z @ 17
Event: 10035.105 Thread 0x000000001b58c800 Uncommon trap: reason=unstable_if action=reinterpret pc=0x00000000083c1340 method=org.gradle.execution.plan.Node.isComplete()Z @ 17
Event: 10035.106 Thread 0x000000001b58c800 Uncommon trap: reason=unstable_if action=reinterpret pc=0x0000000006295d3c method=org.gradle.execution.plan.Node.isComplete()Z @ 17
Event: 10035.113 Thread 0x000000001b58c800 Uncommon trap: reason=unstable_if action=reinterpret pc=0x0000000008d1f614 method=org.gradle.execution.plan.DefaultExecutionPlan.hasNodesRemaining()Z @ 33
Event: 10035.114 Thread 0x0000000024770800 Uncommon trap: reason=unstable_if action=reinterpret pc=0x0000000008ce60ec method=org.gradle.execution.plan.DefaultExecutionPlan.hasNodesRemaining()Z @ 33
Event: 10035.117 Thread 0x000000002d9b8800 Uncommon trap: reason=unstable_if action=reinterpret pc=0x0000000006836bec method=org.gradle.internal.operations.DefaultBuildOperationExecutor$3.stop()V @ 61

Classes redefined (0 events):
No events

Internal exceptions (10 events):
Event: 10022.638 Thread 0x000000001b58c800 Exception <a 'java/lang/NoSuchMethodError': <clinit>> (0x00000000e8def078) thrown at [D:\src\AOSP-openjdk-cygwin\jdk8u\hotspot\src\share\vm\prims\jni.cpp, line 1614]
Event: 10022.639 Thread 0x000000001b58c800 Exception <a 'java/lang/NoSuchMethodError': <clinit>> (0x00000000e8e2bc28) thrown at [D:\src\AOSP-openjdk-cygwin\jdk8u\hotspot\src\share\vm\prims\jni.cpp, line 1614]
Event: 10022.640 Thread 0x000000001b58c800 Exception <a 'java/lang/NoSuchMethodError': <clinit>> (0x00000000e8e4eb68) thrown at [D:\src\AOSP-openjdk-cygwin\jdk8u\hotspot\src\share\vm\prims\jni.cpp, line 1614]
Event: 10024.855 Thread 0x000000001b598000 Exception <a 'sun/nio/fs/WindowsException'> (0x00000000ed23e3d0) thrown at [D:\src\AOSP-openjdk-cygwin\jdk8u\hotspot\src\share\vm\prims\jni.cpp, line 710]
Event: 10024.855 Thread 0x000000001b598000 Exception <a 'sun/nio/fs/WindowsException'> (0x00000000ed23e878) thrown at [D:\src\AOSP-openjdk-cygwin\jdk8u\hotspot\src\share\vm\prims\jni.cpp, line 710]
Event: 10025.299 Thread 0x000000001b4e0000 Exception <a 'java/lang/InterruptedException'> (0x00000000e3240700) thrown at [D:\src\AOSP-openjdk-cygwin\jdk8u\hotspot\src\share\vm\runtime\objectMonitor.cpp, line 1680]
Event: 10028.838 Thread 0x000000001b4dc000 Exception <a 'java/lang/InterruptedException'> (0x00000000e41fe288) thrown at [D:\src\AOSP-openjdk-cygwin\jdk8u\hotspot\src\share\vm\runtime\objectMonitor.cpp, line 1680]
Event: 10035.067 Thread 0x000000001b58c800 Exception <a 'java/lang/reflect/InvocationTargetException'> (0x00000000e4354588) thrown at [D:\src\AOSP-openjdk-cygwin\jdk8u\hotspot\src\share\vm\runtime\reflection.cpp, line 1092]
Event: 10035.101 Thread 0x000000002d9bb800 Exception <a 'java/lang/NoSuchMethodError': <clinit>> (0x00000000e45faa48) thrown at [D:\src\AOSP-openjdk-cygwin\jdk8u\hotspot\src\share\vm\prims\jni.cpp, line 1614]
Event: 10035.102 Thread 0x000000002d9bb800 Exception <a 'java/lang/NoSuchMethodError': <clinit>> (0x00000000e4603fb8) thrown at [D:\src\AOSP-openjdk-cygwin\jdk8u\hotspot\src\share\vm\prims\jni.cpp, line 1614]

Events (10 events):
Event: 10035.117 Executing VM operation: RevokeBias done
Event: 10035.117 Thread 0x000000002d9b8800 Uncommon trap: trap_request=0xffffff65 fr.pc=0x0000000006836bec
Event: 10035.117 Thread 0x000000002d9b8800 DEOPT PACKING pc=0x0000000006836bec sp=0x000000001c8fd070
Event: 10035.117 Thread 0x000000002d9b8800 DEOPT UNPACKING pc=0x00000000031f557b sp=0x000000001c8fd000 mode 2
Event: 10035.118 loading class org/gradle/internal/exceptions/Contextual
Event: 10035.118 loading class org/gradle/internal/exceptions/Contextual done
Event: 10035.119 loading class org/gradle/internal/exceptions/ContextAwareException$1
Event: 10035.119 loading class org/gradle/internal/exceptions/ContextAwareException$1 done
Event: 10035.122 loading class org/codehaus/groovy/runtime/StackTraceUtils
Event: 10035.122 loading class org/codehaus/groovy/runtime/StackTraceUtils done


Dynamic libraries:
0x00007ff781fa0000 - 0x00007ff781fd1000 	C:\Program Files\Android\Android Studio\jre\bin\java.exe
0x00007ffc273a0000 - 0x00007ffc27590000 	C:\Windows\SYSTEM32\ntdll.dll
0x00007ffc25f30000 - 0x00007ffc25fe2000 	C:\Windows\System32\KERNEL32.DLL
0x00007ffc24620000 - 0x00007ffc248c4000 	C:\Windows\System32\KERNELBASE.dll
0x00007ffc25570000 - 0x00007ffc25613000 	C:\Windows\System32\ADVAPI32.dll
0x00007ffc26bd0000 - 0x00007ffc26c6e000 	C:\Windows\System32\msvcrt.dll
0x00007ffc272c0000 - 0x00007ffc27357000 	C:\Windows\System32\sechost.dll
0x00007ffc25450000 - 0x00007ffc25570000 	C:\Windows\System32\RPCRT4.dll
0x00007ffc26d20000 - 0x00007ffc26eb4000 	C:\Windows\System32\USER32.dll
0x00007ffc25370000 - 0x00007ffc25391000 	C:\Windows\System32\win32u.dll
0x00007ffc26f50000 - 0x00007ffc26f76000 	C:\Windows\System32\GDI32.dll
0x00007ffc24480000 - 0x00007ffc24614000 	C:\Windows\System32\gdi32full.dll
0x00007ffc248d0000 - 0x00007ffc2496e000 	C:\Windows\System32\msvcp_win.dll
0x00007ffc24970000 - 0x00007ffc24a6a000 	C:\Windows\System32\ucrtbase.dll
0x00007ffc0fb80000 - 0x00007ffc0fe04000 	C:\Windows\WinSxS\amd64_microsoft.windows.common-controls_6595b64144ccf1df_6.0.18362.836_none_e6c4b943130f18ed\COMCTL32.dll
0x00007ffc26150000 - 0x00007ffc26486000 	C:\Windows\System32\combase.dll
0x00007ffc252a0000 - 0x00007ffc25320000 	C:\Windows\System32\bcryptPrimitives.dll
0x00007ffc25f00000 - 0x00007ffc25f2e000 	C:\Windows\System32\IMM32.DLL
0x0000000060a70000 - 0x0000000060b42000 	C:\Program Files\Android\Android Studio\jre\jre\bin\msvcr100.dll
0x0000000060c30000 - 0x0000000061476000 	C:\Program Files\Android\Android Studio\jre\jre\bin\server\jvm.dll
0x00007ffc25e50000 - 0x00007ffc25e58000 	C:\Windows\System32\PSAPI.DLL
0x00007ffc223b0000 - 0x00007ffc223d4000 	C:\Windows\SYSTEM32\WINMM.dll
0x00007ffc1f0a0000 - 0x00007ffc1f0aa000 	C:\Windows\SYSTEM32\VERSION.dll
0x00007ffc1c020000 - 0x00007ffc1c029000 	C:\Windows\SYSTEM32\WSOCK32.dll
0x00007ffc22250000 - 0x00007ffc2227d000 	C:\Windows\SYSTEM32\winmmbase.dll
0x00007ffc24a70000 - 0x00007ffc24aba000 	C:\Windows\System32\cfgmgr32.dll
0x00007ffc26900000 - 0x00007ffc2696f000 	C:\Windows\System32\ws2_32.DLL
0x00007ffc20b80000 - 0x00007ffc20b8f000 	C:\Program Files\Android\Android Studio\jre\jre\bin\verify.dll
0x00007ffc20b50000 - 0x00007ffc20b79000 	C:\Program Files\Android\Android Studio\jre\jre\bin\java.dll
0x00007ffc20b20000 - 0x00007ffc20b36000 	C:\Program Files\Android\Android Studio\jre\jre\bin\zip.dll
0x00007ffc25620000 - 0x00007ffc25d04000 	C:\Windows\System32\SHELL32.dll
0x00007ffc26980000 - 0x00007ffc26a29000 	C:\Windows\System32\shcore.dll
0x00007ffc24b20000 - 0x00007ffc2529e000 	C:\Windows\System32\windows.storage.dll
0x00007ffc24300000 - 0x00007ffc24323000 	C:\Windows\System32\profapi.dll
0x00007ffc24290000 - 0x00007ffc242da000 	C:\Windows\System32\powrprof.dll
0x00007ffc24260000 - 0x00007ffc24270000 	C:\Windows\System32\UMPDC.dll
0x00007ffc26f80000 - 0x00007ffc26fd2000 	C:\Windows\System32\shlwapi.dll
0x00007ffc24270000 - 0x00007ffc24281000 	C:\Windows\System32\kernel.appcore.dll
0x00007ffc25350000 - 0x00007ffc25367000 	C:\Windows\System32\cryptsp.dll
0x00007ffc1da00000 - 0x00007ffc1da1a000 	C:\Program Files\Android\Android Studio\jre\jre\bin\net.dll
0x00007ffc155a0000 - 0x00007ffc15776000 	C:\Windows\SYSTEM32\urlmon.dll
0x00007ffc18040000 - 0x00007ffc182e6000 	C:\Windows\SYSTEM32\iertutil.dll
0x00007ffc23c40000 - 0x00007ffc23c4c000 	C:\Windows\SYSTEM32\CRYPTBASE.DLL
0x00007ffc23a70000 - 0x00007ffc23ad7000 	C:\Windows\system32\mswsock.dll
0x00007ffc119e0000 - 0x00007ffc119f3000 	C:\Program Files\Android\Android Studio\jre\jre\bin\nio.dll
0x00007ffc14a20000 - 0x00007ffc14a47000 	C:\Users\murra\.gradle\native\481b90ef2c2b5ab96622bab5346fdaaafe5c91895d4d4de1c4fe4b2e89a8011f\windows-amd64\native-platform.dll
0x00007ffc1d030000 - 0x00007ffc1d03d000 	C:\Program Files\Android\Android Studio\jre\jre\bin\management.dll
0x00007ffc235e0000 - 0x00007ffc23613000 	C:\Windows\system32\rsaenh.dll
0x00007ffc25320000 - 0x00007ffc25346000 	C:\Windows\System32\bcrypt.dll
0x00007ffc24180000 - 0x00007ffc241a5000 	C:\Windows\SYSTEM32\USERENV.dll
0x00007ffc23780000 - 0x00007ffc237ba000 	C:\Windows\SYSTEM32\IPHLPAPI.DLL
0x00007ffc26f40000 - 0x00007ffc26f48000 	C:\Windows\System32\NSI.dll
0x00007ffc1d210000 - 0x00007ffc1d226000 	C:\Windows\SYSTEM32\dhcpcsvc6.DLL
0x00007ffc1dc30000 - 0x00007ffc1dc4c000 	C:\Windows\SYSTEM32\dhcpcsvc.DLL
0x00007ffc237c0000 - 0x00007ffc2388b000 	C:\Windows\SYSTEM32\DNSAPI.dll
0x00007ffc10990000 - 0x00007ffc109b4000 	C:\Program Files\Android\Android Studio\jre\jre\bin\sunec.dll
0x00007ffc11ee0000 - 0x00007ffc11ef6000 	C:\Windows\system32\napinsp.dll
0x00007ffbfb150000 - 0x00007ffbfb16a000 	C:\Windows\system32\pnrpnsp.dll
0x00007ffc135b0000 - 0x00007ffc135be000 	C:\Windows\System32\winrnr.dll
0x00007ffc20aa0000 - 0x00007ffc20abc000 	C:\Windows\system32\NLAapi.dll
0x00007ffc1f6f0000 - 0x00007ffc1f705000 	C:\Windows\system32\wshbth.dll
0x00007ffc1cfb0000 - 0x00007ffc1d027000 	C:\Windows\System32\fwpuclnt.dll
0x00007ffc1cd50000 - 0x00007ffc1cd5a000 	C:\Windows\System32\rasadhlp.dll
0x00007ffc11fb0000 - 0x00007ffc11fbb000 	C:\Program Files\Android\Android Studio\jre\jre\bin\sunmscapi.dll
0x00007ffc24330000 - 0x00007ffc24479000 	C:\Windows\System32\CRYPT32.dll
0x00007ffc242e0000 - 0x00007ffc242f2000 	C:\Windows\System32\MSASN1.dll
0x00007ffc232c0000 - 0x00007ffc232f1000 	C:\Windows\SYSTEM32\ntmarta.dll
0x00007ffc224e0000 - 0x00007ffc2256f000 	C:\Windows\system32\apphelp.dll

VM Arguments:
jvm_args: -Xmx1536m -Dfile.encoding=windows-1252 -Djava.net.preferIPv4Stack=true -Duser.country=US -Duser.language=en -Duser.variant 
java_command: org.gradle.launcher.daemon.bootstrap.GradleDaemon 6.4
java_class_path (initial): C:\Users\murra\.gradle\wrapper\dists\gradle-6.4-all\h8pi7famayzdg9sl28jayaip\gradle-6.4\lib\gradle-launcher-6.4.jar
Launcher Type: SUN_STANDARD

Environment Variables:
PATH=C:\Windows\system32;C:\Windows;C:\Windows\System32\Wbem;C:\Windows\System32\WindowsPowerShell\v1.0\;C:\Windows\System32\OpenSSH\;C:\Program Files\Git\cmd;C:\Users\murra\AppData\Local\Programs\Python\Python38-32\Scripts\;C:\Users\murra\AppData\Local\Programs\Python\Python38-32\;C:\Users\murra\AppData\Local\Microsoft\WindowsApps;;C:\Program Files\JetBrains\IntelliJ IDEA 2020.1.1\bin;
USERNAME=murra
OS=Windows_NT
PROCESSOR_IDENTIFIER=Intel64 Family 6 Model 158 Stepping 13, GenuineIntel



---------------  S Y S T E M  ---------------

OS: Windows 10.0 , 64 bit Build 18362 (10.0.18362.778)

CPU:total 6 (initial active 6) (6 cores per cpu, 1 threads per core) family 6 model 158 stepping 13, cmov, cx8, fxsr, mmx, sse, sse2, sse3, ssse3, sse4.1, sse4.2, popcnt, avx, avx2, aes, clmul, erms, 3dnowpref, lzcnt, tsc, tscinvbit, bmi1, bmi2, adx

Memory: 4k page, physical 12404704k(183316k free), swap 27951324k(6212k free)

vm_info: OpenJDK 64-Bit Server VM (25.212-b04) for windows-amd64 JRE (1.8.0_212-release-1586-b04), built by "builder" with MS VC++ 10.0 (VS2010)

time: Thu May 28 19:20:01 2020
timezone: Eastern Daylight Time
elapsed time: 10035 seconds (0d 2h 47m 15s)

